<?xml version="1.0" encoding="UTF-8"?>
<testng-results ignored="0" total="39" passed="33" failed="6" skipped="0">
  <reporter-output>
  </reporter-output>
  <suite started-at="2021-03-12T20:53:14 CET" name="Surefire suite" finished-at="2021-03-12T21:04:51 CET" duration-ms="697049">
    <groups>
    </groups>
    <test started-at="2021-03-12T20:53:14 CET" name="Surefire test" finished-at="2021-03-12T21:04:51 CET" duration-ms="697049">
      <class name="tests.DraggableTest">
        <test-method signature="Test01defaultFunctionality()[pri:0, instance:tests.DraggableTest@7b02e036]" started-at="2021-03-12T20:56:28 CET" name="Test01defaultFunctionality" finished-at="2021-03-12T20:56:43 CET" duration-ms="14587" status="PASS">
          <reporter-output>
          </reporter-output>
        </test-method> <!-- Test01defaultFunctionality -->
        <test-method signature="Test02constrainMovement()[pri:0, instance:tests.DraggableTest@7b02e036]" started-at="2021-03-12T20:56:43 CET" name="Test02constrainMovement" finished-at="2021-03-12T20:57:02 CET" duration-ms="18577" status="PASS">
          <reporter-output>
          </reporter-output>
        </test-method> <!-- Test02constrainMovement -->
        <test-method signature="Test03CursorStyle()[pri:0, instance:tests.DraggableTest@7b02e036]" started-at="2021-03-12T20:57:02 CET" name="Test03CursorStyle" finished-at="2021-03-12T20:57:17 CET" duration-ms="15479" status="PASS">
          <reporter-output>
          </reporter-output>
        </test-method> <!-- Test03CursorStyle -->
      </class> <!-- tests.DraggableTest -->
      <class name="tests.ResizableTest">
        <test-method signature="animate()[pri:0, instance:tests.ResizableTest@467f77a5]" started-at="2021-03-12T21:02:27 CET" name="animate" finished-at="2021-03-12T21:02:45 CET" duration-ms="18196" status="PASS">
          <reporter-output>
          </reporter-output>
        </test-method> <!-- animate -->
        <test-method signature="defaultFuncionality()[pri:0, instance:tests.ResizableTest@467f77a5]" started-at="2021-03-12T21:02:45 CET" name="defaultFuncionality" finished-at="2021-03-12T21:03:02 CET" duration-ms="17363" status="PASS">
          <reporter-output>
          </reporter-output>
        </test-method> <!-- defaultFuncionality -->
      </class> <!-- tests.ResizableTest -->
      <class name="tests.JobHeroTest">
        <test-method signature="test01()[pri:0, instance:tests.JobHeroTest@1e287667]" started-at="2021-03-12T20:59:15 CET" name="test01" finished-at="2021-03-12T20:59:29 CET" duration-ms="14572" status="FAIL">
          <exception class="org.openqa.selenium.NoSuchElementException">
            <message>
              <![CDATA[no such element: Unable to locate element: {"method":"xpath","selector":"//a[@class='btn btn-primary']"}
  (Session info: chrome=89.0.4389.82)
For documentation on this error, please visit: https://www.seleniumhq.org/exceptions/no_such_element.html
Build info: version: '3.141.59', revision: 'e82be7d358', time: '2018-11-14T08:17:03'
System info: host: 'SAMET-PC', ip: '192.168.2.100', os.name: 'Windows 10', os.arch: 'amd64', os.version: '10.0', java.version: '15.0.1'
Driver info: org.openqa.selenium.chrome.ChromeDriver
Capabilities {acceptInsecureCerts: false, browserName: chrome, browserVersion: 89.0.4389.82, chrome: {chromedriverVersion: 89.0.4389.23 (61b08ee2c5002..., userDataDir: C:\Users\samet\AppData\Loca...}, goog:chromeOptions: {debuggerAddress: localhost:62961}, javascriptEnabled: true, networkConnectionEnabled: false, pageLoadStrategy: normal, platform: WINDOWS, platformName: WINDOWS, proxy: Proxy(), setWindowRect: true, strictFileInteractability: false, timeouts: {implicit: 0, pageLoad: 300000, script: 30000}, unhandledPromptBehavior: dismiss and notify, webauthn:extension:largeBlob: true, webauthn:virtualAuthenticators: true}
Session ID: 6884ac04248830335c322ebfb44e4f73
*** Element info: {Using=xpath, value=//a[@class='btn btn-primary']}]]>
            </message>
            <full-stacktrace>
              <![CDATA[org.openqa.selenium.NoSuchElementException: no such element: Unable to locate element: {"method":"xpath","selector":"//a[@class='btn btn-primary']"}
  (Session info: chrome=89.0.4389.82)
For documentation on this error, please visit: https://www.seleniumhq.org/exceptions/no_such_element.html
Build info: version: '3.141.59', revision: 'e82be7d358', time: '2018-11-14T08:17:03'
System info: host: 'SAMET-PC', ip: '192.168.2.100', os.name: 'Windows 10', os.arch: 'amd64', os.version: '10.0', java.version: '15.0.1'
Driver info: org.openqa.selenium.chrome.ChromeDriver
Capabilities {acceptInsecureCerts: false, browserName: chrome, browserVersion: 89.0.4389.82, chrome: {chromedriverVersion: 89.0.4389.23 (61b08ee2c5002..., userDataDir: C:\Users\samet\AppData\Loca...}, goog:chromeOptions: {debuggerAddress: localhost:62961}, javascriptEnabled: true, networkConnectionEnabled: false, pageLoadStrategy: normal, platform: WINDOWS, platformName: WINDOWS, proxy: Proxy(), setWindowRect: true, strictFileInteractability: false, timeouts: {implicit: 0, pageLoad: 300000, script: 30000}, unhandledPromptBehavior: dismiss and notify, webauthn:extension:largeBlob: true, webauthn:virtualAuthenticators: true}
Session ID: 6884ac04248830335c322ebfb44e4f73
*** Element info: {Using=xpath, value=//a[@class='btn btn-primary']}
at java.base/jdk.internal.reflect.NativeConstructorAccessorImpl.newInstance0(Native Method)
at java.base/jdk.internal.reflect.NativeConstructorAccessorImpl.newInstance(NativeConstructorAccessorImpl.java:64)
at java.base/jdk.internal.reflect.DelegatingConstructorAccessorImpl.newInstance(DelegatingConstructorAccessorImpl.java:45)
at java.base/java.lang.reflect.Constructor.newInstanceWithCaller(Constructor.java:500)
at java.base/java.lang.reflect.Constructor.newInstance(Constructor.java:481)
at org.openqa.selenium.remote.http.W3CHttpResponseCodec.createException(W3CHttpResponseCodec.java:187)
at org.openqa.selenium.remote.http.W3CHttpResponseCodec.decode(W3CHttpResponseCodec.java:122)
at org.openqa.selenium.remote.http.W3CHttpResponseCodec.decode(W3CHttpResponseCodec.java:49)
at org.openqa.selenium.remote.HttpCommandExecutor.execute(HttpCommandExecutor.java:158)
at org.openqa.selenium.remote.service.DriverCommandExecutor.execute(DriverCommandExecutor.java:83)
at org.openqa.selenium.remote.RemoteWebDriver.execute(RemoteWebDriver.java:552)
at org.openqa.selenium.remote.RemoteWebDriver.findElement(RemoteWebDriver.java:323)
at org.openqa.selenium.remote.RemoteWebDriver.findElementByXPath(RemoteWebDriver.java:428)
at org.openqa.selenium.By$ByXPath.findElement(By.java:353)
at org.openqa.selenium.remote.RemoteWebDriver.findElement(RemoteWebDriver.java:315)
at org.openqa.selenium.support.pagefactory.DefaultElementLocator.findElement(DefaultElementLocator.java:69)
at org.openqa.selenium.support.pagefactory.internal.LocatingElementHandler.invoke(LocatingElementHandler.java:38)
at com.sun.proxy.$Proxy9.click(Unknown Source)
at tests.JobHeroTest.test01(JobHeroTest.java:26)
at java.base/jdk.internal.reflect.NativeMethodAccessorImpl.invoke0(Native Method)
at java.base/jdk.internal.reflect.NativeMethodAccessorImpl.invoke(NativeMethodAccessorImpl.java:64)
at java.base/jdk.internal.reflect.DelegatingMethodAccessorImpl.invoke(DelegatingMethodAccessorImpl.java:43)
at java.base/java.lang.reflect.Method.invoke(Method.java:564)
at org.testng.internal.MethodInvocationHelper.invokeMethod(MethodInvocationHelper.java:134)
at org.testng.internal.TestInvoker.invokeMethod(TestInvoker.java:597)
at org.testng.internal.TestInvoker.invokeTestMethod(TestInvoker.java:173)
at org.testng.internal.MethodRunner.runInSequence(MethodRunner.java:46)
at org.testng.internal.TestInvoker$MethodInvocationAgent.invoke(TestInvoker.java:816)
at org.testng.internal.TestInvoker.invokeTestMethods(TestInvoker.java:146)
at org.testng.internal.TestMethodWorker.invokeTestMethods(TestMethodWorker.java:146)
at org.testng.internal.TestMethodWorker.run(TestMethodWorker.java:128)
at java.base/java.util.ArrayList.forEach(ArrayList.java:1511)
at org.testng.TestRunner.privateRun(TestRunner.java:766)
at org.testng.TestRunner.run(TestRunner.java:587)
at org.testng.SuiteRunner.runTest(SuiteRunner.java:384)
at org.testng.SuiteRunner.runSequentially(SuiteRunner.java:378)
at org.testng.SuiteRunner.privateRun(SuiteRunner.java:337)
at org.testng.SuiteRunner.run(SuiteRunner.java:286)
at org.testng.SuiteRunnerWorker.runSuite(SuiteRunnerWorker.java:53)
at org.testng.SuiteRunnerWorker.run(SuiteRunnerWorker.java:96)
at org.testng.TestNG.runSuitesSequentially(TestNG.java:1187)
at org.testng.TestNG.runSuitesLocally(TestNG.java:1109)
at org.testng.TestNG.runSuites(TestNG.java:1039)
at org.testng.TestNG.run(TestNG.java:1007)
at org.apache.maven.surefire.testng.TestNGExecutor.run(TestNGExecutor.java:132)
at org.apache.maven.surefire.testng.TestNGDirectoryTestSuite.executeMulti(TestNGDirectoryTestSuite.java:193)
at org.apache.maven.surefire.testng.TestNGDirectoryTestSuite.execute(TestNGDirectoryTestSuite.java:94)
at org.apache.maven.surefire.testng.TestNGProvider.invoke(TestNGProvider.java:147)
at org.apache.maven.surefire.booter.ForkedBooter.invokeProviderInSameClassLoader(ForkedBooter.java:290)
at org.apache.maven.surefire.booter.ForkedBooter.runSuitesInProcess(ForkedBooter.java:242)
at org.apache.maven.surefire.booter.ForkedBooter.main(ForkedBooter.java:121)
]]>
            </full-stacktrace>
          </exception> <!-- org.openqa.selenium.NoSuchElementException -->
          <reporter-output>
          </reporter-output>
        </test-method> <!-- test01 -->
      </class> <!-- tests.JobHeroTest -->
      <class name="tests.easiyseleniumtest.US04Test">
        <test-method is-config="true" signature="beforeTest()[pri:0, instance:tests.easiyseleniumtest.US04Test@4d4d48a6]" started-at="2021-03-12T20:53:29 CET" name="beforeTest" finished-at="2021-03-12T20:53:42 CET" duration-ms="12279" status="PASS">
          <reporter-output>
          </reporter-output>
        </test-method> <!-- beforeTest -->
        <test-method signature="TC0401()[pri:0, instance:tests.easiyseleniumtest.US04Test@4d4d48a6]" started-at="2021-03-12T20:58:50 CET" name="TC0401" finished-at="2021-03-12T20:59:00 CET" duration-ms="10031" status="FAIL">
          <exception class="java.lang.AssertionError">
            <message>
              <![CDATA[expected [true] but found [false]]]>
            </message>
            <full-stacktrace>
              <![CDATA[java.lang.AssertionError: expected [true] but found [false]
at org.testng.Assert.fail(Assert.java:97)
at org.testng.Assert.failNotEquals(Assert.java:969)
at org.testng.Assert.assertTrue(Assert.java:43)
at org.testng.Assert.assertTrue(Assert.java:53)
at tests.easiyseleniumtest.US04Test.TC0401(US04Test.java:51)
at java.base/jdk.internal.reflect.NativeMethodAccessorImpl.invoke0(Native Method)
at java.base/jdk.internal.reflect.NativeMethodAccessorImpl.invoke(NativeMethodAccessorImpl.java:64)
at java.base/jdk.internal.reflect.DelegatingMethodAccessorImpl.invoke(DelegatingMethodAccessorImpl.java:43)
at java.base/java.lang.reflect.Method.invoke(Method.java:564)
at org.testng.internal.MethodInvocationHelper.invokeMethod(MethodInvocationHelper.java:134)
at org.testng.internal.TestInvoker.invokeMethod(TestInvoker.java:597)
at org.testng.internal.TestInvoker.invokeTestMethod(TestInvoker.java:173)
at org.testng.internal.MethodRunner.runInSequence(MethodRunner.java:46)
at org.testng.internal.TestInvoker$MethodInvocationAgent.invoke(TestInvoker.java:816)
at org.testng.internal.TestInvoker.invokeTestMethods(TestInvoker.java:146)
at org.testng.internal.TestMethodWorker.invokeTestMethods(TestMethodWorker.java:146)
at org.testng.internal.TestMethodWorker.run(TestMethodWorker.java:128)
at java.base/java.util.ArrayList.forEach(ArrayList.java:1511)
at org.testng.TestRunner.privateRun(TestRunner.java:766)
at org.testng.TestRunner.run(TestRunner.java:587)
at org.testng.SuiteRunner.runTest(SuiteRunner.java:384)
at org.testng.SuiteRunner.runSequentially(SuiteRunner.java:378)
at org.testng.SuiteRunner.privateRun(SuiteRunner.java:337)
at org.testng.SuiteRunner.run(SuiteRunner.java:286)
at org.testng.SuiteRunnerWorker.runSuite(SuiteRunnerWorker.java:53)
at org.testng.SuiteRunnerWorker.run(SuiteRunnerWorker.java:96)
at org.testng.TestNG.runSuitesSequentially(TestNG.java:1187)
at org.testng.TestNG.runSuitesLocally(TestNG.java:1109)
at org.testng.TestNG.runSuites(TestNG.java:1039)
at org.testng.TestNG.run(TestNG.java:1007)
at org.apache.maven.surefire.testng.TestNGExecutor.run(TestNGExecutor.java:132)
at org.apache.maven.surefire.testng.TestNGDirectoryTestSuite.executeMulti(TestNGDirectoryTestSuite.java:193)
at org.apache.maven.surefire.testng.TestNGDirectoryTestSuite.execute(TestNGDirectoryTestSuite.java:94)
at org.apache.maven.surefire.testng.TestNGProvider.invoke(TestNGProvider.java:147)
at org.apache.maven.surefire.booter.ForkedBooter.invokeProviderInSameClassLoader(ForkedBooter.java:290)
at org.apache.maven.surefire.booter.ForkedBooter.runSuitesInProcess(ForkedBooter.java:242)
at org.apache.maven.surefire.booter.ForkedBooter.main(ForkedBooter.java:121)
]]>
            </full-stacktrace>
          </exception> <!-- java.lang.AssertionError -->
          <reporter-output>
          </reporter-output>
        </test-method> <!-- TC0401 -->
        <test-method signature="TC0402()[pri:0, instance:tests.easiyseleniumtest.US04Test@4d4d48a6]" started-at="2021-03-12T20:59:00 CET" name="TC0402" finished-at="2021-03-12T20:59:08 CET" duration-ms="7342" status="PASS">
          <reporter-output>
          </reporter-output>
        </test-method> <!-- TC0402 -->
        <test-method signature="TC0403()[pri:0, instance:tests.easiyseleniumtest.US04Test@4d4d48a6]" started-at="2021-03-12T20:59:08 CET" name="TC0403" finished-at="2021-03-12T20:59:15 CET" duration-ms="7014" status="PASS">
          <reporter-output>
          </reporter-output>
        </test-method> <!-- TC0403 -->
      </class> <!-- tests.easiyseleniumtest.US04Test -->
      <class name="tests.AutoCompleteTest">
        <test-method is-config="true" signature="beforeMethod()[pri:0, instance:tests.AutoCompleteTest@3fc08eec]" started-at="2021-03-12T20:54:21 CET" name="beforeMethod" finished-at="2021-03-12T20:54:37 CET" duration-ms="16154" status="PASS">
          <reporter-output>
          </reporter-output>
        </test-method> <!-- beforeMethod -->
        <test-method signature="defaultFuncionality()[pri:0, instance:tests.AutoCompleteTest@3fc08eec]" started-at="2021-03-12T20:54:37 CET" name="defaultFuncionality" finished-at="2021-03-12T20:55:17 CET" duration-ms="39534" status="PASS">
          <reporter-output>
          </reporter-output>
        </test-method> <!-- defaultFuncionality -->
      </class> <!-- tests.AutoCompleteTest -->
      <class name="tests.KitapyurduTest">
        <test-method signature="TC01()[pri:0, instance:tests.KitapyurduTest@2e6ee0bc]" started-at="2021-03-12T20:59:29 CET" name="TC01" finished-at="2021-03-12T20:59:39 CET" duration-ms="9474" status="PASS">
          <reporter-output>
          </reporter-output>
        </test-method> <!-- TC01 -->
        <test-method signature="TC02()[pri:0, instance:tests.KitapyurduTest@2e6ee0bc]" started-at="2021-03-12T20:59:39 CET" name="TC02" finished-at="2021-03-12T20:59:53 CET" duration-ms="14512" status="PASS">
          <reporter-output>
          </reporter-output>
        </test-method> <!-- TC02 -->
        <test-method signature="TC03()[pri:0, instance:tests.KitapyurduTest@2e6ee0bc]" started-at="2021-03-12T20:59:53 CET" name="TC03" finished-at="2021-03-12T21:00:05 CET" duration-ms="11277" status="PASS">
          <reporter-output>
          </reporter-output>
        </test-method> <!-- TC03 -->
        <test-method signature="TC04()[pri:0, instance:tests.KitapyurduTest@2e6ee0bc]" started-at="2021-03-12T21:00:05 CET" name="TC04" finished-at="2021-03-12T21:00:23 CET" duration-ms="18280" status="PASS">
          <reporter-output>
          </reporter-output>
        </test-method> <!-- TC04 -->
        <test-method signature="TC05()[pri:0, instance:tests.KitapyurduTest@2e6ee0bc]" started-at="2021-03-12T21:00:23 CET" name="TC05" finished-at="2021-03-12T21:00:34 CET" duration-ms="11073" status="PASS">
          <reporter-output>
          </reporter-output>
        </test-method> <!-- TC05 -->
        <test-method signature="TC06()[pri:0, instance:tests.KitapyurduTest@2e6ee0bc]" started-at="2021-03-12T21:00:34 CET" name="TC06" finished-at="2021-03-12T21:00:44 CET" duration-ms="10370" status="FAIL">
          <exception class="java.lang.AssertionError">
            <message>
              <![CDATA[expected [Körlük] but found [Var Mısın? & Güçlü Bir Yaşam İçin Öneriler]]]>
            </message>
            <full-stacktrace>
              <![CDATA[java.lang.AssertionError: expected [Körlük] but found [Var Mısın? & Güçlü Bir Yaşam İçin Öneriler]
at org.testng.Assert.fail(Assert.java:97)
at org.testng.Assert.assertEqualsImpl(Assert.java:136)
at org.testng.Assert.assertEquals(Assert.java:118)
at org.testng.Assert.assertEquals(Assert.java:575)
at org.testng.Assert.assertEquals(Assert.java:585)
at tests.KitapyurduTest.TC06(KitapyurduTest.java:68)
at java.base/jdk.internal.reflect.NativeMethodAccessorImpl.invoke0(Native Method)
at java.base/jdk.internal.reflect.NativeMethodAccessorImpl.invoke(NativeMethodAccessorImpl.java:64)
at java.base/jdk.internal.reflect.DelegatingMethodAccessorImpl.invoke(DelegatingMethodAccessorImpl.java:43)
at java.base/java.lang.reflect.Method.invoke(Method.java:564)
at org.testng.internal.MethodInvocationHelper.invokeMethod(MethodInvocationHelper.java:134)
at org.testng.internal.TestInvoker.invokeMethod(TestInvoker.java:597)
at org.testng.internal.TestInvoker.invokeTestMethod(TestInvoker.java:173)
at org.testng.internal.MethodRunner.runInSequence(MethodRunner.java:46)
at org.testng.internal.TestInvoker$MethodInvocationAgent.invoke(TestInvoker.java:816)
at org.testng.internal.TestInvoker.invokeTestMethods(TestInvoker.java:146)
at org.testng.internal.TestMethodWorker.invokeTestMethods(TestMethodWorker.java:146)
at org.testng.internal.TestMethodWorker.run(TestMethodWorker.java:128)
at java.base/java.util.ArrayList.forEach(ArrayList.java:1511)
at org.testng.TestRunner.privateRun(TestRunner.java:766)
at org.testng.TestRunner.run(TestRunner.java:587)
at org.testng.SuiteRunner.runTest(SuiteRunner.java:384)
at org.testng.SuiteRunner.runSequentially(SuiteRunner.java:378)
at org.testng.SuiteRunner.privateRun(SuiteRunner.java:337)
at org.testng.SuiteRunner.run(SuiteRunner.java:286)
at org.testng.SuiteRunnerWorker.runSuite(SuiteRunnerWorker.java:53)
at org.testng.SuiteRunnerWorker.run(SuiteRunnerWorker.java:96)
at org.testng.TestNG.runSuitesSequentially(TestNG.java:1187)
at org.testng.TestNG.runSuitesLocally(TestNG.java:1109)
at org.testng.TestNG.runSuites(TestNG.java:1039)
at org.testng.TestNG.run(TestNG.java:1007)
at org.apache.maven.surefire.testng.TestNGExecutor.run(TestNGExecutor.java:132)
at org.apache.maven.surefire.testng.TestNGDirectoryTestSuite.executeMulti(TestNGDirectoryTestSuite.java:193)
at org.apache.maven.surefire.testng.TestNGDirectoryTestSuite.execute(TestNGDirectoryTestSuite.java:94)
at org.apache.maven.surefire.testng.TestNGProvider.invoke(TestNGProvider.java:147)
at org.apache.maven.surefire.booter.ForkedBooter.invokeProviderInSameClassLoader(ForkedBooter.java:290)
at org.apache.maven.surefire.booter.ForkedBooter.runSuitesInProcess(ForkedBooter.java:242)
at org.apache.maven.surefire.booter.ForkedBooter.main(ForkedBooter.java:121)
]]>
            </full-stacktrace>
          </exception> <!-- java.lang.AssertionError -->
          <reporter-output>
          </reporter-output>
        </test-method> <!-- TC06 -->
        <test-method signature="TC07()[pri:0, instance:tests.KitapyurduTest@2e6ee0bc]" started-at="2021-03-12T21:00:44 CET" name="TC07" finished-at="2021-03-12T21:01:03 CET" duration-ms="18702" status="FAIL">
          <exception class="java.lang.AssertionError">
            <message>
              <![CDATA[expected [9,00] but found [7,46]]]>
            </message>
            <full-stacktrace>
              <![CDATA[java.lang.AssertionError: expected [9,00] but found [7,46]
at org.testng.Assert.fail(Assert.java:97)
at org.testng.Assert.assertEqualsImpl(Assert.java:136)
at org.testng.Assert.assertEquals(Assert.java:118)
at org.testng.Assert.assertEquals(Assert.java:575)
at org.testng.Assert.assertEquals(Assert.java:585)
at tests.KitapyurduTest.TC07(KitapyurduTest.java:77)
at java.base/jdk.internal.reflect.NativeMethodAccessorImpl.invoke0(Native Method)
at java.base/jdk.internal.reflect.NativeMethodAccessorImpl.invoke(NativeMethodAccessorImpl.java:64)
at java.base/jdk.internal.reflect.DelegatingMethodAccessorImpl.invoke(DelegatingMethodAccessorImpl.java:43)
at java.base/java.lang.reflect.Method.invoke(Method.java:564)
at org.testng.internal.MethodInvocationHelper.invokeMethod(MethodInvocationHelper.java:134)
at org.testng.internal.TestInvoker.invokeMethod(TestInvoker.java:597)
at org.testng.internal.TestInvoker.invokeTestMethod(TestInvoker.java:173)
at org.testng.internal.MethodRunner.runInSequence(MethodRunner.java:46)
at org.testng.internal.TestInvoker$MethodInvocationAgent.invoke(TestInvoker.java:816)
at org.testng.internal.TestInvoker.invokeTestMethods(TestInvoker.java:146)
at org.testng.internal.TestMethodWorker.invokeTestMethods(TestMethodWorker.java:146)
at org.testng.internal.TestMethodWorker.run(TestMethodWorker.java:128)
at java.base/java.util.ArrayList.forEach(ArrayList.java:1511)
at org.testng.TestRunner.privateRun(TestRunner.java:766)
at org.testng.TestRunner.run(TestRunner.java:587)
at org.testng.SuiteRunner.runTest(SuiteRunner.java:384)
at org.testng.SuiteRunner.runSequentially(SuiteRunner.java:378)
at org.testng.SuiteRunner.privateRun(SuiteRunner.java:337)
at org.testng.SuiteRunner.run(SuiteRunner.java:286)
at org.testng.SuiteRunnerWorker.runSuite(SuiteRunnerWorker.java:53)
at org.testng.SuiteRunnerWorker.run(SuiteRunnerWorker.java:96)
at org.testng.TestNG.runSuitesSequentially(TestNG.java:1187)
at org.testng.TestNG.runSuitesLocally(TestNG.java:1109)
at org.testng.TestNG.runSuites(TestNG.java:1039)
at org.testng.TestNG.run(TestNG.java:1007)
at org.apache.maven.surefire.testng.TestNGExecutor.run(TestNGExecutor.java:132)
at org.apache.maven.surefire.testng.TestNGDirectoryTestSuite.executeMulti(TestNGDirectoryTestSuite.java:193)
at org.apache.maven.surefire.testng.TestNGDirectoryTestSuite.execute(TestNGDirectoryTestSuite.java:94)
at org.apache.maven.surefire.testng.TestNGProvider.invoke(TestNGProvider.java:147)
at org.apache.maven.surefire.booter.ForkedBooter.invokeProviderInSameClassLoader(ForkedBooter.java:290)
at org.apache.maven.surefire.booter.ForkedBooter.runSuitesInProcess(ForkedBooter.java:242)
at org.apache.maven.surefire.booter.ForkedBooter.main(ForkedBooter.java:121)
]]>
            </full-stacktrace>
          </exception> <!-- java.lang.AssertionError -->
          <reporter-output>
          </reporter-output>
        </test-method> <!-- TC07 -->
        <test-method signature="TC08()[pri:0, instance:tests.KitapyurduTest@2e6ee0bc]" started-at="2021-03-12T21:01:03 CET" name="TC08" finished-at="2021-03-12T21:01:30 CET" duration-ms="27068" status="PASS">
          <reporter-output>
          </reporter-output>
        </test-method> <!-- TC08 -->
      </class> <!-- tests.KitapyurduTest -->
      <class name="tests.easiyseleniumtest.DropdownTest">
        <test-method is-config="true" signature="beforeTest()[pri:0, instance:tests.easiyseleniumtest.DropdownTest@eadb475]" started-at="2021-03-12T20:53:18 CET" name="beforeTest" finished-at="2021-03-12T20:53:29 CET" duration-ms="11040" status="PASS">
          <reporter-output>
          </reporter-output>
        </test-method> <!-- beforeTest -->
        <test-method signature="TC02001()[pri:0, instance:tests.easiyseleniumtest.DropdownTest@eadb475]" started-at="2021-03-12T20:58:02 CET" name="TC02001" finished-at="2021-03-12T20:58:08 CET" duration-ms="5552" status="PASS">
          <reporter-output>
          </reporter-output>
        </test-method> <!-- TC02001 -->
        <test-method signature="TC02002()[pri:0, instance:tests.easiyseleniumtest.DropdownTest@eadb475]" started-at="2021-03-12T20:58:08 CET" name="TC02002" finished-at="2021-03-12T20:58:22 CET" duration-ms="14174" status="PASS">
          <reporter-output>
          </reporter-output>
        </test-method> <!-- TC02002 -->
        <test-method signature="TC02003()[pri:0, instance:tests.easiyseleniumtest.DropdownTest@eadb475]" started-at="2021-03-12T20:58:22 CET" name="TC02003" finished-at="2021-03-12T20:58:37 CET" duration-ms="15122" status="PASS">
          <reporter-output>
          </reporter-output>
        </test-method> <!-- TC02003 -->
        <test-method signature="TC02004()[pri:0, instance:tests.easiyseleniumtest.DropdownTest@eadb475]" started-at="2021-03-12T20:58:37 CET" name="TC02004" finished-at="2021-03-12T20:58:50 CET" duration-ms="13279" status="PASS">
          <reporter-output>
          </reporter-output>
        </test-method> <!-- TC02004 -->
      </class> <!-- tests.easiyseleniumtest.DropdownTest -->
      <class name="tests.DroppableTest">
        <test-method signature="dropableDefaultFunctionality()[pri:0, instance:tests.DroppableTest@25243bc1]" started-at="2021-03-12T20:57:17 CET" name="dropableDefaultFunctionality" finished-at="2021-03-12T20:57:34 CET" duration-ms="16675" status="PASS">
          <reporter-output>
          </reporter-output>
        </test-method> <!-- dropableDefaultFunctionality -->
      </class> <!-- tests.DroppableTest -->
      <class name="tests.MenuTest">
        <test-method is-config="true" signature="beforeMethod()[pri:0, instance:tests.MenuTest@4201a617]" started-at="2021-03-12T21:01:30 CET" name="beforeMethod" finished-at="2021-03-12T21:01:47 CET" duration-ms="17164" status="PASS">
          <reporter-output>
          </reporter-output>
        </test-method> <!-- beforeMethod -->
        <test-method signature="defaultFunctionality()[pri:0, instance:tests.MenuTest@4201a617]" started-at="2021-03-12T21:01:47 CET" name="defaultFunctionality" finished-at="2021-03-12T21:01:48 CET" duration-ms="348" status="PASS">
          <reporter-output>
          </reporter-output>
        </test-method> <!-- defaultFunctionality -->
        <test-method is-config="true" signature="beforeMethod()[pri:0, instance:tests.MenuTest@4201a617]" started-at="2021-03-12T21:01:48 CET" name="beforeMethod" finished-at="2021-03-12T21:02:04 CET" duration-ms="15935" status="PASS">
          <reporter-output>
          </reporter-output>
        </test-method> <!-- beforeMethod -->
        <test-method signature="menuWithSubMenu()[pri:0, instance:tests.MenuTest@4201a617]" started-at="2021-03-12T21:02:04 CET" name="menuWithSubMenu" finished-at="2021-03-12T21:02:27 CET" duration-ms="23045" status="FAIL">
          <exception class="org.openqa.selenium.ElementNotInteractableException">
            <message>
              <![CDATA[element not interactable: [object HTMLLIElement] has no size and location
  (Session info: chrome=89.0.4389.82)
Build info: version: '3.141.59', revision: 'e82be7d358', time: '2018-11-14T08:17:03'
System info: host: 'SAMET-PC', ip: '192.168.2.100', os.name: 'Windows 10', os.arch: 'amd64', os.version: '10.0', java.version: '15.0.1'
Driver info: org.openqa.selenium.chrome.ChromeDriver
Capabilities {acceptInsecureCerts: false, browserName: chrome, browserVersion: 89.0.4389.82, chrome: {chromedriverVersion: 89.0.4389.23 (61b08ee2c5002..., userDataDir: C:\Users\samet\AppData\Loca...}, goog:chromeOptions: {debuggerAddress: localhost:62961}, javascriptEnabled: true, networkConnectionEnabled: false, pageLoadStrategy: normal, platform: WINDOWS, platformName: WINDOWS, proxy: Proxy(), setWindowRect: true, strictFileInteractability: false, timeouts: {implicit: 0, pageLoad: 300000, script: 30000}, unhandledPromptBehavior: dismiss and notify, webauthn:extension:largeBlob: true, webauthn:virtualAuthenticators: true}
Session ID: 6884ac04248830335c322ebfb44e4f73]]>
            </message>
            <full-stacktrace>
              <![CDATA[org.openqa.selenium.ElementNotInteractableException: element not interactable: [object HTMLLIElement] has no size and location
  (Session info: chrome=89.0.4389.82)
Build info: version: '3.141.59', revision: 'e82be7d358', time: '2018-11-14T08:17:03'
System info: host: 'SAMET-PC', ip: '192.168.2.100', os.name: 'Windows 10', os.arch: 'amd64', os.version: '10.0', java.version: '15.0.1'
Driver info: org.openqa.selenium.chrome.ChromeDriver
Capabilities {acceptInsecureCerts: false, browserName: chrome, browserVersion: 89.0.4389.82, chrome: {chromedriverVersion: 89.0.4389.23 (61b08ee2c5002..., userDataDir: C:\Users\samet\AppData\Loca...}, goog:chromeOptions: {debuggerAddress: localhost:62961}, javascriptEnabled: true, networkConnectionEnabled: false, pageLoadStrategy: normal, platform: WINDOWS, platformName: WINDOWS, proxy: Proxy(), setWindowRect: true, strictFileInteractability: false, timeouts: {implicit: 0, pageLoad: 300000, script: 30000}, unhandledPromptBehavior: dismiss and notify, webauthn:extension:largeBlob: true, webauthn:virtualAuthenticators: true}
Session ID: 6884ac04248830335c322ebfb44e4f73
at java.base/jdk.internal.reflect.NativeConstructorAccessorImpl.newInstance0(Native Method)
at java.base/jdk.internal.reflect.NativeConstructorAccessorImpl.newInstance(NativeConstructorAccessorImpl.java:64)
at java.base/jdk.internal.reflect.DelegatingConstructorAccessorImpl.newInstance(DelegatingConstructorAccessorImpl.java:45)
at java.base/java.lang.reflect.Constructor.newInstanceWithCaller(Constructor.java:500)
at java.base/java.lang.reflect.Constructor.newInstance(Constructor.java:481)
at org.openqa.selenium.remote.http.W3CHttpResponseCodec.createException(W3CHttpResponseCodec.java:187)
at org.openqa.selenium.remote.http.W3CHttpResponseCodec.decode(W3CHttpResponseCodec.java:122)
at org.openqa.selenium.remote.http.W3CHttpResponseCodec.decode(W3CHttpResponseCodec.java:49)
at org.openqa.selenium.remote.HttpCommandExecutor.execute(HttpCommandExecutor.java:158)
at org.openqa.selenium.remote.service.DriverCommandExecutor.execute(DriverCommandExecutor.java:83)
at org.openqa.selenium.remote.RemoteWebDriver.execute(RemoteWebDriver.java:552)
at org.openqa.selenium.remote.RemoteWebDriver.perform(RemoteWebDriver.java:618)
at org.openqa.selenium.interactions.Actions$BuiltAction.perform(Actions.java:639)
at org.openqa.selenium.interactions.Actions.perform(Actions.java:595)
at tests.MenuTest.menuWithSubMenu(MenuTest.java:58)
at java.base/jdk.internal.reflect.NativeMethodAccessorImpl.invoke0(Native Method)
at java.base/jdk.internal.reflect.NativeMethodAccessorImpl.invoke(NativeMethodAccessorImpl.java:64)
at java.base/jdk.internal.reflect.DelegatingMethodAccessorImpl.invoke(DelegatingMethodAccessorImpl.java:43)
at java.base/java.lang.reflect.Method.invoke(Method.java:564)
at org.testng.internal.MethodInvocationHelper.invokeMethod(MethodInvocationHelper.java:134)
at org.testng.internal.TestInvoker.invokeMethod(TestInvoker.java:597)
at org.testng.internal.TestInvoker.invokeTestMethod(TestInvoker.java:173)
at org.testng.internal.MethodRunner.runInSequence(MethodRunner.java:46)
at org.testng.internal.TestInvoker$MethodInvocationAgent.invoke(TestInvoker.java:816)
at org.testng.internal.TestInvoker.invokeTestMethods(TestInvoker.java:146)
at org.testng.internal.TestMethodWorker.invokeTestMethods(TestMethodWorker.java:146)
at org.testng.internal.TestMethodWorker.run(TestMethodWorker.java:128)
at java.base/java.util.ArrayList.forEach(ArrayList.java:1511)
at org.testng.TestRunner.privateRun(TestRunner.java:766)
at org.testng.TestRunner.run(TestRunner.java:587)
at org.testng.SuiteRunner.runTest(SuiteRunner.java:384)
at org.testng.SuiteRunner.runSequentially(SuiteRunner.java:378)
at org.testng.SuiteRunner.privateRun(SuiteRunner.java:337)
at org.testng.SuiteRunner.run(SuiteRunner.java:286)
at org.testng.SuiteRunnerWorker.runSuite(SuiteRunnerWorker.java:53)
at org.testng.SuiteRunnerWorker.run(SuiteRunnerWorker.java:96)
at org.testng.TestNG.runSuitesSequentially(TestNG.java:1187)
at org.testng.TestNG.runSuitesLocally(TestNG.java:1109)
at org.testng.TestNG.runSuites(TestNG.java:1039)
at org.testng.TestNG.run(TestNG.java:1007)
at org.apache.maven.surefire.testng.TestNGExecutor.run(TestNGExecutor.java:132)
at org.apache.maven.surefire.testng.TestNGDirectoryTestSuite.executeMulti(TestNGDirectoryTestSuite.java:193)
at org.apache.maven.surefire.testng.TestNGDirectoryTestSuite.execute(TestNGDirectoryTestSuite.java:94)
at org.apache.maven.surefire.testng.TestNGProvider.invoke(TestNGProvider.java:147)
at org.apache.maven.surefire.booter.ForkedBooter.invokeProviderInSameClassLoader(ForkedBooter.java:290)
at org.apache.maven.surefire.booter.ForkedBooter.runSuitesInProcess(ForkedBooter.java:242)
at org.apache.maven.surefire.booter.ForkedBooter.main(ForkedBooter.java:121)
]]>
            </full-stacktrace>
          </exception> <!-- org.openqa.selenium.ElementNotInteractableException -->
          <reporter-output>
          </reporter-output>
        </test-method> <!-- menuWithSubMenu -->
      </class> <!-- tests.MenuTest -->
      <class name="tests.SortableTest">
        <test-method is-config="true" signature="beforeMethod()[pri:0, instance:tests.SortableTest@420bc288]" started-at="2021-03-12T21:03:56 CET" name="beforeMethod" finished-at="2021-03-12T21:04:12 CET" duration-ms="15956" status="PASS">
          <reporter-output>
          </reporter-output>
        </test-method> <!-- beforeMethod -->
        <test-method signature="connectLists()[pri:0, instance:tests.SortableTest@420bc288]" started-at="2021-03-12T21:04:12 CET" name="connectLists" finished-at="2021-03-12T21:04:15 CET" duration-ms="2603" status="PASS">
          <reporter-output>
          </reporter-output>
        </test-method> <!-- connectLists -->
        <test-method is-config="true" signature="beforeMethod()[pri:0, instance:tests.SortableTest@420bc288]" started-at="2021-03-12T21:04:15 CET" name="beforeMethod" finished-at="2021-03-12T21:04:31 CET" duration-ms="16080" status="PASS">
          <reporter-output>
          </reporter-output>
        </test-method> <!-- beforeMethod -->
        <test-method signature="defaultFunctionality()[pri:0, instance:tests.SortableTest@420bc288]" started-at="2021-03-12T21:04:31 CET" name="defaultFunctionality" finished-at="2021-03-12T21:04:34 CET" duration-ms="3676" status="PASS">
          <reporter-output>
          </reporter-output>
        </test-method> <!-- defaultFunctionality -->
        <test-method is-config="true" signature="beforeMethod()[pri:0, instance:tests.SortableTest@420bc288]" started-at="2021-03-12T21:04:34 CET" name="beforeMethod" finished-at="2021-03-12T21:04:50 CET" duration-ms="15888" status="PASS">
          <reporter-output>
          </reporter-output>
        </test-method> <!-- beforeMethod -->
        <test-method signature="displayAsGrid()[pri:0, instance:tests.SortableTest@420bc288]" started-at="2021-03-12T21:04:50 CET" name="displayAsGrid" finished-at="2021-03-12T21:04:51 CET" duration-ms="1268" status="FAIL">
          <exception class="org.openqa.selenium.interactions.MoveTargetOutOfBoundsException">
            <message>
              <![CDATA[move target out of bounds
  (Session info: chrome=89.0.4389.82)
Build info: version: '3.141.59', revision: 'e82be7d358', time: '2018-11-14T08:17:03'
System info: host: 'SAMET-PC', ip: '192.168.2.100', os.name: 'Windows 10', os.arch: 'amd64', os.version: '10.0', java.version: '15.0.1'
Driver info: org.openqa.selenium.chrome.ChromeDriver
Capabilities {acceptInsecureCerts: false, browserName: chrome, browserVersion: 89.0.4389.82, chrome: {chromedriverVersion: 89.0.4389.23 (61b08ee2c5002..., userDataDir: C:\Users\samet\AppData\Loca...}, goog:chromeOptions: {debuggerAddress: localhost:62961}, javascriptEnabled: true, networkConnectionEnabled: false, pageLoadStrategy: normal, platform: WINDOWS, platformName: WINDOWS, proxy: Proxy(), setWindowRect: true, strictFileInteractability: false, timeouts: {implicit: 0, pageLoad: 300000, script: 30000}, unhandledPromptBehavior: dismiss and notify, webauthn:extension:largeBlob: true, webauthn:virtualAuthenticators: true}
Session ID: 6884ac04248830335c322ebfb44e4f73]]>
            </message>
            <full-stacktrace>
              <![CDATA[org.openqa.selenium.interactions.MoveTargetOutOfBoundsException: move target out of bounds
  (Session info: chrome=89.0.4389.82)
Build info: version: '3.141.59', revision: 'e82be7d358', time: '2018-11-14T08:17:03'
System info: host: 'SAMET-PC', ip: '192.168.2.100', os.name: 'Windows 10', os.arch: 'amd64', os.version: '10.0', java.version: '15.0.1'
Driver info: org.openqa.selenium.chrome.ChromeDriver
Capabilities {acceptInsecureCerts: false, browserName: chrome, browserVersion: 89.0.4389.82, chrome: {chromedriverVersion: 89.0.4389.23 (61b08ee2c5002..., userDataDir: C:\Users\samet\AppData\Loca...}, goog:chromeOptions: {debuggerAddress: localhost:62961}, javascriptEnabled: true, networkConnectionEnabled: false, pageLoadStrategy: normal, platform: WINDOWS, platformName: WINDOWS, proxy: Proxy(), setWindowRect: true, strictFileInteractability: false, timeouts: {implicit: 0, pageLoad: 300000, script: 30000}, unhandledPromptBehavior: dismiss and notify, webauthn:extension:largeBlob: true, webauthn:virtualAuthenticators: true}
Session ID: 6884ac04248830335c322ebfb44e4f73
at java.base/jdk.internal.reflect.NativeConstructorAccessorImpl.newInstance0(Native Method)
at java.base/jdk.internal.reflect.NativeConstructorAccessorImpl.newInstance(NativeConstructorAccessorImpl.java:64)
at java.base/jdk.internal.reflect.DelegatingConstructorAccessorImpl.newInstance(DelegatingConstructorAccessorImpl.java:45)
at java.base/java.lang.reflect.Constructor.newInstanceWithCaller(Constructor.java:500)
at java.base/java.lang.reflect.Constructor.newInstance(Constructor.java:481)
at org.openqa.selenium.remote.http.W3CHttpResponseCodec.createException(W3CHttpResponseCodec.java:187)
at org.openqa.selenium.remote.http.W3CHttpResponseCodec.decode(W3CHttpResponseCodec.java:122)
at org.openqa.selenium.remote.http.W3CHttpResponseCodec.decode(W3CHttpResponseCodec.java:49)
at org.openqa.selenium.remote.HttpCommandExecutor.execute(HttpCommandExecutor.java:158)
at org.openqa.selenium.remote.service.DriverCommandExecutor.execute(DriverCommandExecutor.java:83)
at org.openqa.selenium.remote.RemoteWebDriver.execute(RemoteWebDriver.java:552)
at org.openqa.selenium.remote.RemoteWebDriver.perform(RemoteWebDriver.java:618)
at org.openqa.selenium.interactions.Actions$BuiltAction.perform(Actions.java:639)
at org.openqa.selenium.interactions.Actions.perform(Actions.java:595)
at tests.SortableTest.displayAsGrid(SortableTest.java:60)
at java.base/jdk.internal.reflect.NativeMethodAccessorImpl.invoke0(Native Method)
at java.base/jdk.internal.reflect.NativeMethodAccessorImpl.invoke(NativeMethodAccessorImpl.java:64)
at java.base/jdk.internal.reflect.DelegatingMethodAccessorImpl.invoke(DelegatingMethodAccessorImpl.java:43)
at java.base/java.lang.reflect.Method.invoke(Method.java:564)
at org.testng.internal.MethodInvocationHelper.invokeMethod(MethodInvocationHelper.java:134)
at org.testng.internal.TestInvoker.invokeMethod(TestInvoker.java:597)
at org.testng.internal.TestInvoker.invokeTestMethod(TestInvoker.java:173)
at org.testng.internal.MethodRunner.runInSequence(MethodRunner.java:46)
at org.testng.internal.TestInvoker$MethodInvocationAgent.invoke(TestInvoker.java:816)
at org.testng.internal.TestInvoker.invokeTestMethods(TestInvoker.java:146)
at org.testng.internal.TestMethodWorker.invokeTestMethods(TestMethodWorker.java:146)
at org.testng.internal.TestMethodWorker.run(TestMethodWorker.java:128)
at java.base/java.util.ArrayList.forEach(ArrayList.java:1511)
at org.testng.TestRunner.privateRun(TestRunner.java:766)
at org.testng.TestRunner.run(TestRunner.java:587)
at org.testng.SuiteRunner.runTest(SuiteRunner.java:384)
at org.testng.SuiteRunner.runSequentially(SuiteRunner.java:378)
at org.testng.SuiteRunner.privateRun(SuiteRunner.java:337)
at org.testng.SuiteRunner.run(SuiteRunner.java:286)
at org.testng.SuiteRunnerWorker.runSuite(SuiteRunnerWorker.java:53)
at org.testng.SuiteRunnerWorker.run(SuiteRunnerWorker.java:96)
at org.testng.TestNG.runSuitesSequentially(TestNG.java:1187)
at org.testng.TestNG.runSuitesLocally(TestNG.java:1109)
at org.testng.TestNG.runSuites(TestNG.java:1039)
at org.testng.TestNG.run(TestNG.java:1007)
at org.apache.maven.surefire.testng.TestNGExecutor.run(TestNGExecutor.java:132)
at org.apache.maven.surefire.testng.TestNGDirectoryTestSuite.executeMulti(TestNGDirectoryTestSuite.java:193)
at org.apache.maven.surefire.testng.TestNGDirectoryTestSuite.execute(TestNGDirectoryTestSuite.java:94)
at org.apache.maven.surefire.testng.TestNGProvider.invoke(TestNGProvider.java:147)
at org.apache.maven.surefire.booter.ForkedBooter.invokeProviderInSameClassLoader(ForkedBooter.java:290)
at org.apache.maven.surefire.booter.ForkedBooter.runSuitesInProcess(ForkedBooter.java:242)
at org.apache.maven.surefire.booter.ForkedBooter.main(ForkedBooter.java:121)
]]>
            </full-stacktrace>
          </exception> <!-- org.openqa.selenium.interactions.MoveTargetOutOfBoundsException -->
          <reporter-output>
          </reporter-output>
        </test-method> <!-- displayAsGrid -->
      </class> <!-- tests.SortableTest -->
      <class name="tests.easiyseleniumtest.AlertsTest">
        <test-method is-config="true" signature="beforeTest()[pri:0, instance:tests.easiyseleniumtest.AlertsTest@51abf713]" started-at="2021-03-12T20:53:14 CET" name="beforeTest" finished-at="2021-03-12T20:53:18 CET" duration-ms="3910" status="PASS">
          <reporter-output>
          </reporter-output>
        </test-method> <!-- beforeTest -->
        <test-method signature="TC0301()[pri:0, instance:tests.easiyseleniumtest.AlertsTest@51abf713]" started-at="2021-03-12T20:57:34 CET" name="TC0301" finished-at="2021-03-12T20:57:40 CET" duration-ms="6214" status="PASS">
          <reporter-output>
          </reporter-output>
        </test-method> <!-- TC0301 -->
        <test-method signature="TC0302()[pri:0, instance:tests.easiyseleniumtest.AlertsTest@51abf713]" started-at="2021-03-12T20:57:40 CET" name="TC0302" finished-at="2021-03-12T20:57:48 CET" duration-ms="8034" status="PASS">
          <reporter-output>
          </reporter-output>
        </test-method> <!-- TC0302 -->
        <test-method signature="TC0303()[pri:0, instance:tests.easiyseleniumtest.AlertsTest@51abf713]" started-at="2021-03-12T20:57:48 CET" name="TC0303" finished-at="2021-03-12T20:57:55 CET" duration-ms="6544" status="PASS">
          <reporter-output>
          </reporter-output>
        </test-method> <!-- TC0303 -->
        <test-method signature="TC0304()[pri:0, instance:tests.easiyseleniumtest.AlertsTest@51abf713]" started-at="2021-03-12T20:57:55 CET" name="TC0304" finished-at="2021-03-12T20:58:02 CET" duration-ms="7628" status="PASS">
          <reporter-output>
          </reporter-output>
        </test-method> <!-- TC0304 -->
      </class> <!-- tests.easiyseleniumtest.AlertsTest -->
      <class name="tests.SelectableTest">
        <test-method is-config="true" signature="beforeMethod()[pri:0, instance:tests.SelectableTest@1bb9aa43]" started-at="2021-03-12T21:03:02 CET" name="beforeMethod" finished-at="2021-03-12T21:03:18 CET" duration-ms="15927" status="PASS">
          <reporter-output>
          </reporter-output>
        </test-method> <!-- beforeMethod -->
        <test-method signature="defaultFunctionality()[pri:0, instance:tests.SelectableTest@1bb9aa43]" started-at="2021-03-12T21:03:18 CET" name="defaultFunctionality" finished-at="2021-03-12T21:03:20 CET" duration-ms="1512" status="PASS">
          <reporter-output>
          </reporter-output>
        </test-method> <!-- defaultFunctionality -->
        <test-method is-config="true" signature="beforeMethod()[pri:0, instance:tests.SelectableTest@1bb9aa43]" started-at="2021-03-12T21:03:20 CET" name="beforeMethod" finished-at="2021-03-12T21:03:35 CET" duration-ms="15832" status="PASS">
          <reporter-output>
          </reporter-output>
        </test-method> <!-- beforeMethod -->
        <test-method signature="displayAsGrid()[pri:0, instance:tests.SelectableTest@1bb9aa43]" started-at="2021-03-12T21:03:35 CET" name="displayAsGrid" finished-at="2021-03-12T21:03:38 CET" duration-ms="2843" status="PASS">
          <reporter-output>
          </reporter-output>
        </test-method> <!-- displayAsGrid -->
        <test-method is-config="true" signature="beforeMethod()[pri:0, instance:tests.SelectableTest@1bb9aa43]" started-at="2021-03-12T21:03:38 CET" name="beforeMethod" finished-at="2021-03-12T21:03:54 CET" duration-ms="15723" status="PASS">
          <reporter-output>
          </reporter-output>
        </test-method> <!-- beforeMethod -->
        <test-method signature="serialize()[pri:0, instance:tests.SelectableTest@1bb9aa43]" started-at="2021-03-12T21:03:54 CET" name="serialize" finished-at="2021-03-12T21:03:56 CET" duration-ms="1938" status="PASS">
          <reporter-output>
          </reporter-output>
        </test-method> <!-- serialize -->
      </class> <!-- tests.SelectableTest -->
      <class name="tests.DatePickerTest">
        <test-method is-config="true" signature="beforeMethod()[pri:0, instance:tests.DatePickerTest@5cad8b7d]" started-at="2021-03-12T20:55:17 CET" name="beforeMethod" finished-at="2021-03-12T20:55:33 CET" duration-ms="16256" status="PASS">
          <reporter-output>
          </reporter-output>
        </test-method> <!-- beforeMethod -->
        <test-method signature="animationsTest()[pri:0, instance:tests.DatePickerTest@5cad8b7d]" started-at="2021-03-12T20:55:33 CET" name="animationsTest" finished-at="2021-03-12T20:55:38 CET" duration-ms="5046" status="PASS">
          <reporter-output>
          </reporter-output>
        </test-method> <!-- animationsTest -->
        <test-method is-config="true" signature="beforeMethod()[pri:0, instance:tests.DatePickerTest@5cad8b7d]" started-at="2021-03-12T20:55:38 CET" name="beforeMethod" finished-at="2021-03-12T20:55:54 CET" duration-ms="15919" status="PASS">
          <reporter-output>
          </reporter-output>
        </test-method> <!-- beforeMethod -->
        <test-method signature="displayMonthAndYearTest()[pri:0, instance:tests.DatePickerTest@5cad8b7d]" started-at="2021-03-12T20:55:54 CET" name="displayMonthAndYearTest" finished-at="2021-03-12T20:56:28 CET" duration-ms="34272" status="PASS">
          <reporter-output>
          </reporter-output>
        </test-method> <!-- displayMonthAndYearTest -->
      </class> <!-- tests.DatePickerTest -->
      <class name="tests.AccordionTest">
        <test-method is-config="true" signature="beforeMethod()[pri:0, instance:tests.AccordionTest@315df4bb]" started-at="2021-03-12T20:53:42 CET" name="beforeMethod" finished-at="2021-03-12T20:53:52 CET" duration-ms="10319" status="PASS">
          <reporter-output>
          </reporter-output>
        </test-method> <!-- beforeMethod -->
        <test-method signature="customizeIcons()[pri:0, instance:tests.AccordionTest@315df4bb]" started-at="2021-03-12T20:53:52 CET" name="customizeIcons" finished-at="2021-03-12T20:53:57 CET" duration-ms="5474" status="PASS">
          <reporter-output>
          </reporter-output>
        </test-method> <!-- customizeIcons -->
        <test-method is-config="true" signature="beforeMethod()[pri:0, instance:tests.AccordionTest@315df4bb]" started-at="2021-03-12T20:53:57 CET" name="beforeMethod" finished-at="2021-03-12T20:54:13 CET" duration-ms="15918" status="PASS">
          <reporter-output>
          </reporter-output>
        </test-method> <!-- beforeMethod -->
        <test-method signature="fillSpace()[pri:0, instance:tests.AccordionTest@315df4bb]" started-at="2021-03-12T20:54:13 CET" name="fillSpace" finished-at="2021-03-12T20:54:21 CET" duration-ms="7895" status="PASS">
          <reporter-output>
          </reporter-output>
        </test-method> <!-- fillSpace -->
      </class> <!-- tests.AccordionTest -->
    </test> <!-- Surefire test -->
  </suite> <!-- Surefire suite -->
</testng-results>
